android/app/build/intermediates/manifest_merge_blame_file/debug/manifest-merger-blame-debug-report.txt
1<?xml version="1.0" encoding="utf-8"?>
2<manifest xmlns:android="http://schemas.android.com/apk/res/android"
3    package="com.paywalletfront"
4    android:versionCode="1"
5    android:versionName="1.0" >
6
7    <uses-sdk
8        android:minSdkVersion="21"
9        android:targetSdkVersion="29" />
10
11    <uses-permission android:name="android.permission.SYSTEM_ALERT_WINDOW" />
11-->src/debug/AndroidManifest.xml:5:5-77
11-->src/debug/AndroidManifest.xml:5:22-75
12    <uses-permission android:name="android.permission.INTERNET" />
12-->src/main/AndroidManifest.xml:4:5-67
12-->src/main/AndroidManifest.xml:4:22-64
13    <uses-permission android:name="android.permission.CAMERA" />
13-->src/main/AndroidManifest.xml:5:5-65
13-->src/main/AndroidManifest.xml:5:22-62
14    <uses-permission android:name="android.permission.VIBRATE" />
14-->src/main/AndroidManifest.xml:6:5-65
14-->src/main/AndroidManifest.xml:6:22-63
15    <uses-permission android:name="android.permission.READ_SMS" />
15-->src/main/AndroidManifest.xml:8:5-67
15-->src/main/AndroidManifest.xml:8:22-64
16    <uses-permission android:name="android.permission.WRITE_SMS" />
16-->src/main/AndroidManifest.xml:9:5-68
16-->src/main/AndroidManifest.xml:9:22-65
17    <uses-permission android:name="android.permission.SEND_SMS" />
17-->src/main/AndroidManifest.xml:10:5-67
17-->src/main/AndroidManifest.xml:10:22-64
18    <uses-permission android:name="android.permission.ACCESS_WIFI_STATE" />
18-->[com.facebook.flipper:flipper:0.75.1] AndroidManifest.xml:16:5-76
18-->[com.facebook.flipper:flipper:0.75.1] AndroidManifest.xml:16:22-73
19    <uses-permission android:name="android.permission.RECEIVE_SMS" />
19-->[:react-native-android-sms-listener] AndroidManifest.xml:9:5-70
19-->[:react-native-android-sms-listener] AndroidManifest.xml:9:22-67
20    <uses-permission android:name="android.permission.WAKE_LOCK" />
20-->[:react-native-firebase_auth] AndroidManifest.xml:12:5-68
20-->[:react-native-firebase_auth] AndroidManifest.xml:12:22-65
21    <uses-permission android:name="android.permission.ACCESS_NETWORK_STATE" />
21-->[:react-native-firebase_auth] AndroidManifest.xml:13:5-79
21-->[:react-native-firebase_auth] AndroidManifest.xml:13:22-76
22
23    <uses-feature
23-->[:react-native-camera] AndroidManifest.xml:11:5-13:36
24        android:name="android.hardware.camera"
24-->[:react-native-camera] AndroidManifest.xml:12:9-47
25        android:required="false" />
25-->[:react-native-camera] AndroidManifest.xml:13:9-33
26    <uses-feature
26-->[:react-native-camera] AndroidManifest.xml:14:5-16:36
27        android:name="android.hardware.camera.autofocus"
27-->[:react-native-camera] AndroidManifest.xml:15:9-57
28        android:required="false" />
28-->[:react-native-camera] AndroidManifest.xml:16:9-33
29
30    <uses-permission android:name="com.google.android.finsky.permission.BIND_GET_INSTALL_REFERRER_SERVICE" />
30-->[com.google.android.gms:play-services-measurement:19.0.0] AndroidManifest.xml:26:5-110
30-->[com.google.android.gms:play-services-measurement:19.0.0] AndroidManifest.xml:26:22-107
31
32    <application
32-->src/main/AndroidManifest.xml:12:5-31:19
33        android:name="com.paywalletfront.MainApplication"
33-->src/main/AndroidManifest.xml:13:7-38
34        android:allowBackup="false"
34-->src/main/AndroidManifest.xml:17:7-34
35        android:appComponentFactory="androidx.core.app.CoreComponentFactory"
35-->[androidx.core:core:1.2.0] AndroidManifest.xml:24:18-86
36        android:debuggable="true"
37        android:icon="@mipmap/ic_launcher"
37-->src/main/AndroidManifest.xml:15:7-41
38        android:label="@string/app_name"
38-->src/main/AndroidManifest.xml:14:7-39
39        android:largeHeap="true"
39-->src/main/AndroidManifest.xml:19:7-31
40        android:roundIcon="@mipmap/ic_launcher_round"
40-->src/main/AndroidManifest.xml:16:7-52
41        android:theme="@style/AppTheme"
41-->src/main/AndroidManifest.xml:18:7-38
42        android:usesCleartextTraffic="true" >
42-->src/debug/AndroidManifest.xml:8:9-44
43        <activity android:name="com.facebook.react.devsupport.DevSettingsActivity" />
43-->src/debug/AndroidManifest.xml:11:9-86
43-->src/debug/AndroidManifest.xml:11:19-83
44        <activity
44-->src/main/AndroidManifest.xml:20:7-30:18
45            android:name="com.paywalletfront.MainActivity"
45-->src/main/AndroidManifest.xml:21:9-37
46            android:configChanges="keyboard|keyboardHidden|orientation|screenSize|uiMode"
46-->src/main/AndroidManifest.xml:23:9-86
47            android:label="@string/app_name"
47-->src/main/AndroidManifest.xml:22:9-41
48            android:launchMode="singleTask"
48-->src/main/AndroidManifest.xml:24:9-40
49            android:windowSoftInputMode="adjustResize" >
49-->src/main/AndroidManifest.xml:25:9-51
50            <intent-filter>
50-->src/main/AndroidManifest.xml:26:9-29:25
51                <action android:name="android.intent.action.MAIN" />
51-->src/main/AndroidManifest.xml:27:13-65
51-->src/main/AndroidManifest.xml:27:21-62
52
53                <category android:name="android.intent.category.LAUNCHER" />
53-->src/main/AndroidManifest.xml:28:13-73
53-->src/main/AndroidManifest.xml:28:23-70
54            </intent-filter>
55        </activity>
56        <activity
56-->[com.google.firebase:firebase-auth:21.0.1] AndroidManifest.xml:27:9-44:20
57            android:name="com.google.firebase.auth.internal.GenericIdpActivity"
57-->[com.google.firebase:firebase-auth:21.0.1] AndroidManifest.xml:28:13-80
58            android:excludeFromRecents="true"
58-->[com.google.firebase:firebase-auth:21.0.1] AndroidManifest.xml:29:13-46
59            android:exported="true"
59-->[com.google.firebase:firebase-auth:21.0.1] AndroidManifest.xml:30:13-36
60            android:launchMode="singleTask"
60-->[com.google.firebase:firebase-auth:21.0.1] AndroidManifest.xml:31:13-44
61            android:theme="@android:style/Theme.Translucent.NoTitleBar" >
61-->[com.google.firebase:firebase-auth:21.0.1] AndroidManifest.xml:32:13-72
62            <intent-filter>
62-->[com.google.firebase:firebase-auth:21.0.1] AndroidManifest.xml:33:13-43:29
63                <action android:name="android.intent.action.VIEW" />
63-->[com.google.firebase:firebase-auth:21.0.1] AndroidManifest.xml:34:17-69
63-->[com.google.firebase:firebase-auth:21.0.1] AndroidManifest.xml:34:25-66
64
65                <category android:name="android.intent.category.DEFAULT" />
65-->[com.google.firebase:firebase-auth:21.0.1] AndroidManifest.xml:36:17-76
65-->[com.google.firebase:firebase-auth:21.0.1] AndroidManifest.xml:36:27-73
66                <category android:name="android.intent.category.BROWSABLE" />
66-->[com.google.firebase:firebase-auth:21.0.1] AndroidManifest.xml:37:17-78
66-->[com.google.firebase:firebase-auth:21.0.1] AndroidManifest.xml:37:27-75
67
68                <data
68-->[com.google.firebase:firebase-auth:21.0.1] AndroidManifest.xml:39:17-42:51
69                    android:host="firebase.auth"
69-->[com.google.firebase:firebase-auth:21.0.1] AndroidManifest.xml:40:21-49
70                    android:path="/"
70-->[com.google.firebase:firebase-auth:21.0.1] AndroidManifest.xml:41:21-37
71                    android:scheme="genericidp" />
71-->[com.google.firebase:firebase-auth:21.0.1] AndroidManifest.xml:42:21-48
72            </intent-filter>
73        </activity>
74        <activity
74-->[com.google.firebase:firebase-auth:21.0.1] AndroidManifest.xml:45:9-62:20
75            android:name="com.google.firebase.auth.internal.RecaptchaActivity"
75-->[com.google.firebase:firebase-auth:21.0.1] AndroidManifest.xml:46:13-79
76            android:excludeFromRecents="true"
76-->[com.google.firebase:firebase-auth:21.0.1] AndroidManifest.xml:47:13-46
77            android:exported="true"
77-->[com.google.firebase:firebase-auth:21.0.1] AndroidManifest.xml:48:13-36
78            android:launchMode="singleTask"
78-->[com.google.firebase:firebase-auth:21.0.1] AndroidManifest.xml:49:13-44
79            android:theme="@android:style/Theme.Translucent.NoTitleBar" >
79-->[com.google.firebase:firebase-auth:21.0.1] AndroidManifest.xml:50:13-72
80            <intent-filter>
80-->[com.google.firebase:firebase-auth:21.0.1] AndroidManifest.xml:51:13-61:29
81                <action android:name="android.intent.action.VIEW" />
81-->[com.google.firebase:firebase-auth:21.0.1] AndroidManifest.xml:34:17-69
81-->[com.google.firebase:firebase-auth:21.0.1] AndroidManifest.xml:34:25-66
82
83                <category android:name="android.intent.category.DEFAULT" />
83-->[com.google.firebase:firebase-auth:21.0.1] AndroidManifest.xml:36:17-76
83-->[com.google.firebase:firebase-auth:21.0.1] AndroidManifest.xml:36:27-73
84                <category android:name="android.intent.category.BROWSABLE" />
84-->[com.google.firebase:firebase-auth:21.0.1] AndroidManifest.xml:37:17-78
84-->[com.google.firebase:firebase-auth:21.0.1] AndroidManifest.xml:37:27-75
85
86                <data
86-->[com.google.firebase:firebase-auth:21.0.1] AndroidManifest.xml:39:17-42:51
87                    android:host="firebase.auth"
87-->[com.google.firebase:firebase-auth:21.0.1] AndroidManifest.xml:40:21-49
88                    android:path="/"
88-->[com.google.firebase:firebase-auth:21.0.1] AndroidManifest.xml:41:21-37
89                    android:scheme="recaptcha" />
89-->[com.google.firebase:firebase-auth:21.0.1] AndroidManifest.xml:42:21-48
90            </intent-filter>
91        </activity>
92
93        <service
93-->[com.google.firebase:firebase-auth:21.0.1] AndroidManifest.xml:64:9-73:19
94            android:name="com.google.firebase.auth.api.fallback.service.FirebaseAuthFallbackService"
94-->[com.google.firebase:firebase-auth:21.0.1] AndroidManifest.xml:65:13-101
95            android:enabled="true"
95-->[com.google.firebase:firebase-auth:21.0.1] AndroidManifest.xml:66:13-35
96            android:exported="false" >
96-->[com.google.firebase:firebase-auth:21.0.1] AndroidManifest.xml:67:13-37
97            <intent-filter>
97-->[com.google.firebase:firebase-auth:21.0.1] AndroidManifest.xml:68:13-72:29
98                <action android:name="com.google.firebase.auth.api.gms.service.START" />
98-->[com.google.firebase:firebase-auth:21.0.1] AndroidManifest.xml:69:17-89
98-->[com.google.firebase:firebase-auth:21.0.1] AndroidManifest.xml:69:25-86
99
100                <category android:name="android.intent.category.DEFAULT" />
100-->[com.google.firebase:firebase-auth:21.0.1] AndroidManifest.xml:36:17-76
100-->[com.google.firebase:firebase-auth:21.0.1] AndroidManifest.xml:36:27-73
101            </intent-filter>
102        </service>
103        <service
103-->[com.google.firebase:firebase-auth:21.0.1] AndroidManifest.xml:74:9-80:19
104            android:name="com.google.firebase.components.ComponentDiscoveryService"
104-->[com.google.firebase:firebase-auth:21.0.1] AndroidManifest.xml:75:13-84
105            android:directBootAware="true"
105-->[com.google.firebase:firebase-common:20.0.0] AndroidManifest.xml:35:13-43
106            android:exported="false" >
106-->[com.google.firebase:firebase-auth:21.0.1] AndroidManifest.xml:76:13-37
107            <meta-data
107-->[com.google.firebase:firebase-auth:21.0.1] AndroidManifest.xml:77:13-79:85
108                android:name="com.google.firebase.components:com.google.firebase.auth.FirebaseAuthRegistrar"
108-->[com.google.firebase:firebase-auth:21.0.1] AndroidManifest.xml:78:17-109
109                android:value="com.google.firebase.components.ComponentRegistrar" />
109-->[com.google.firebase:firebase-auth:21.0.1] AndroidManifest.xml:79:17-82
110            <meta-data
110-->[com.google.firebase:firebase-firestore:23.0.0] AndroidManifest.xml:20:13-22:85
111                android:name="com.google.firebase.components:com.google.firebase.firestore.FirestoreRegistrar"
111-->[com.google.firebase:firebase-firestore:23.0.0] AndroidManifest.xml:21:17-111
112                android:value="com.google.firebase.components.ComponentRegistrar" />
112-->[com.google.firebase:firebase-firestore:23.0.0] AndroidManifest.xml:22:17-82
113            <meta-data
113-->[com.google.firebase:firebase-database:20.0.0] AndroidManifest.xml:32:13-34:85
114                android:name="com.google.firebase.components:com.google.firebase.database.DatabaseRegistrar"
114-->[com.google.firebase:firebase-database:20.0.0] AndroidManifest.xml:33:17-109
115                android:value="com.google.firebase.components.ComponentRegistrar" />
115-->[com.google.firebase:firebase-database:20.0.0] AndroidManifest.xml:34:17-82
116            <meta-data
116-->[com.google.android.gms:play-services-measurement-api:19.0.0] AndroidManifest.xml:30:13-32:85
117                android:name="com.google.firebase.components:com.google.firebase.analytics.connector.internal.AnalyticsConnectorRegistrar"
117-->[com.google.android.gms:play-services-measurement-api:19.0.0] AndroidManifest.xml:31:17-139
118                android:value="com.google.firebase.components.ComponentRegistrar" />
118-->[com.google.android.gms:play-services-measurement-api:19.0.0] AndroidManifest.xml:32:17-82
119            <meta-data
119-->[com.google.firebase:firebase-installations:17.0.0] AndroidManifest.xml:18:13-20:85
120                android:name="com.google.firebase.components:com.google.firebase.installations.FirebaseInstallationsRegistrar"
120-->[com.google.firebase:firebase-installations:17.0.0] AndroidManifest.xml:19:17-127
121                android:value="com.google.firebase.components.ComponentRegistrar" />
121-->[com.google.firebase:firebase-installations:17.0.0] AndroidManifest.xml:20:17-82
122        </service>
123        <service
123-->[com.google.android.gms:play-services-mlkit-barcode-scanning:16.2.0] AndroidManifest.xml:9:9-15:19
124            android:name="com.google.mlkit.common.internal.MlKitComponentDiscoveryService"
124-->[com.google.android.gms:play-services-mlkit-barcode-scanning:16.2.0] AndroidManifest.xml:10:13-91
125            android:directBootAware="true"
125-->[com.google.mlkit:common:17.2.0] AndroidManifest.xml:17:13-43
126            android:exported="false" >
126-->[com.google.android.gms:play-services-mlkit-barcode-scanning:16.2.0] AndroidManifest.xml:11:13-37
127            <meta-data
127-->[com.google.android.gms:play-services-mlkit-barcode-scanning:16.2.0] AndroidManifest.xml:12:13-14:85
128                android:name="com.google.firebase.components:com.google.mlkit.vision.barcode.internal.BarcodeRegistrar"
128-->[com.google.android.gms:play-services-mlkit-barcode-scanning:16.2.0] AndroidManifest.xml:13:17-120
129                android:value="com.google.firebase.components.ComponentRegistrar" />
129-->[com.google.android.gms:play-services-mlkit-barcode-scanning:16.2.0] AndroidManifest.xml:14:17-82
130            <meta-data
130-->[com.google.android.gms:play-services-mlkit-face-detection:16.2.0] AndroidManifest.xml:12:13-14:85
131                android:name="com.google.firebase.components:com.google.mlkit.vision.face.internal.FaceRegistrar"
131-->[com.google.android.gms:play-services-mlkit-face-detection:16.2.0] AndroidManifest.xml:13:17-114
132                android:value="com.google.firebase.components.ComponentRegistrar" />
132-->[com.google.android.gms:play-services-mlkit-face-detection:16.2.0] AndroidManifest.xml:14:17-82
133            <meta-data
133-->[com.google.android.gms:play-services-mlkit-text-recognition:16.3.0] AndroidManifest.xml:12:13-14:85
134                android:name="com.google.firebase.components:com.google.mlkit.vision.text.internal.TextRegistrar"
134-->[com.google.android.gms:play-services-mlkit-text-recognition:16.3.0] AndroidManifest.xml:13:17-114
135                android:value="com.google.firebase.components.ComponentRegistrar" />
135-->[com.google.android.gms:play-services-mlkit-text-recognition:16.3.0] AndroidManifest.xml:14:17-82
136            <meta-data
136-->[com.google.mlkit:vision-common:16.5.0] AndroidManifest.xml:12:13-14:85
137                android:name="com.google.firebase.components:com.google.mlkit.vision.common.internal.VisionCommonRegistrar"
137-->[com.google.mlkit:vision-common:16.5.0] AndroidManifest.xml:13:17-124
138                android:value="com.google.firebase.components.ComponentRegistrar" />
138-->[com.google.mlkit:vision-common:16.5.0] AndroidManifest.xml:14:17-82
139            <meta-data
139-->[com.google.mlkit:common:17.2.0] AndroidManifest.xml:20:13-22:85
140                android:name="com.google.firebase.components:com.google.mlkit.common.internal.CommonComponentRegistrar"
140-->[com.google.mlkit:common:17.2.0] AndroidManifest.xml:21:17-120
141                android:value="com.google.firebase.components.ComponentRegistrar" />
141-->[com.google.mlkit:common:17.2.0] AndroidManifest.xml:22:17-82
142        </service>
143
144        <provider
144-->[com.google.mlkit:common:17.2.0] AndroidManifest.xml:9:9-13:38
145            android:name="com.google.mlkit.common.internal.MlKitInitProvider"
145-->[com.google.mlkit:common:17.2.0] AndroidManifest.xml:10:13-78
146            android:authorities="com.paywalletfront.mlkitinitprovider"
146-->[com.google.mlkit:common:17.2.0] AndroidManifest.xml:11:13-69
147            android:exported="false"
147-->[com.google.mlkit:common:17.2.0] AndroidManifest.xml:12:13-37
148            android:initOrder="99" />
148-->[com.google.mlkit:common:17.2.0] AndroidManifest.xml:13:13-35
149
150        <service
150-->[com.google.android.datatransport:transport-backend-cct:2.3.3] AndroidManifest.xml:29:9-35:19
151            android:name="com.google.android.datatransport.runtime.backends.TransportBackendDiscovery"
151-->[com.google.android.datatransport:transport-backend-cct:2.3.3] AndroidManifest.xml:30:13-103
152            android:exported="false" >
152-->[com.google.android.datatransport:transport-backend-cct:2.3.3] AndroidManifest.xml:31:13-37
153            <meta-data
153-->[com.google.android.datatransport:transport-backend-cct:2.3.3] AndroidManifest.xml:32:13-34:39
154                android:name="backend:com.google.android.datatransport.cct.CctBackendFactory"
154-->[com.google.android.datatransport:transport-backend-cct:2.3.3] AndroidManifest.xml:33:17-94
155                android:value="cct" />
155-->[com.google.android.datatransport:transport-backend-cct:2.3.3] AndroidManifest.xml:34:17-36
156        </service>
157
158        <provider
158-->[com.google.firebase:firebase-common:20.0.0] AndroidManifest.xml:26:9-31:39
159            android:name="com.google.firebase.provider.FirebaseInitProvider"
159-->[com.google.firebase:firebase-common:20.0.0] AndroidManifest.xml:27:13-77
160            android:authorities="com.paywalletfront.firebaseinitprovider"
160-->[com.google.firebase:firebase-common:20.0.0] AndroidManifest.xml:28:13-72
161            android:directBootAware="true"
161-->[com.google.firebase:firebase-common:20.0.0] AndroidManifest.xml:29:13-43
162            android:exported="false"
162-->[com.google.firebase:firebase-common:20.0.0] AndroidManifest.xml:30:13-37
163            android:initOrder="100" />
163-->[com.google.firebase:firebase-common:20.0.0] AndroidManifest.xml:31:13-36
164
165        <service
165-->[com.google.android.datatransport:transport-runtime:2.2.6] AndroidManifest.xml:26:9-30:19
166            android:name="com.google.android.datatransport.runtime.scheduling.jobscheduling.JobInfoSchedulerService"
166-->[com.google.android.datatransport:transport-runtime:2.2.6] AndroidManifest.xml:27:13-117
167            android:exported="false"
167-->[com.google.android.datatransport:transport-runtime:2.2.6] AndroidManifest.xml:28:13-37
168            android:permission="android.permission.BIND_JOB_SERVICE" >
168-->[com.google.android.datatransport:transport-runtime:2.2.6] AndroidManifest.xml:29:13-69
169        </service>
170
171        <receiver
171-->[com.google.android.datatransport:transport-runtime:2.2.6] AndroidManifest.xml:32:9-34:40
172            android:name="com.google.android.datatransport.runtime.scheduling.jobscheduling.AlarmManagerSchedulerBroadcastReceiver"
172-->[com.google.android.datatransport:transport-runtime:2.2.6] AndroidManifest.xml:33:13-132
173            android:exported="false" />
173-->[com.google.android.datatransport:transport-runtime:2.2.6] AndroidManifest.xml:34:13-37
174
175        <activity
175-->[com.google.android.gms:play-services-auth:19.0.0] AndroidManifest.xml:23:9-27:75
176            android:name="com.google.android.gms.auth.api.signin.internal.SignInHubActivity"
176-->[com.google.android.gms:play-services-auth:19.0.0] AndroidManifest.xml:24:13-93
177            android:excludeFromRecents="true"
177-->[com.google.android.gms:play-services-auth:19.0.0] AndroidManifest.xml:25:13-46
178            android:exported="false"
178-->[com.google.android.gms:play-services-auth:19.0.0] AndroidManifest.xml:26:13-37
179            android:theme="@android:style/Theme.Translucent.NoTitleBar" />
179-->[com.google.android.gms:play-services-auth:19.0.0] AndroidManifest.xml:27:13-72
180        <!--
181            Service handling Google Sign-In user revocation. For apps that do not integrate with
182            Google Sign-In, this service will never be started.
183        -->
184        <service
184-->[com.google.android.gms:play-services-auth:19.0.0] AndroidManifest.xml:33:9-37:51
185            android:name="com.google.android.gms.auth.api.signin.RevocationBoundService"
185-->[com.google.android.gms:play-services-auth:19.0.0] AndroidManifest.xml:34:13-89
186            android:exported="true"
186-->[com.google.android.gms:play-services-auth:19.0.0] AndroidManifest.xml:35:13-36
187            android:permission="com.google.android.gms.auth.api.signin.permission.REVOCATION_NOTIFICATION"
187-->[com.google.android.gms:play-services-auth:19.0.0] AndroidManifest.xml:36:13-107
188            android:visibleToInstantApps="true" />
188-->[com.google.android.gms:play-services-auth:19.0.0] AndroidManifest.xml:37:13-48
189
190        <activity
190-->[com.google.android.gms:play-services-base:17.6.0] AndroidManifest.xml:23:9-26:75
191            android:name="com.google.android.gms.common.api.GoogleApiActivity"
191-->[com.google.android.gms:play-services-base:17.6.0] AndroidManifest.xml:24:13-79
192            android:exported="false"
192-->[com.google.android.gms:play-services-base:17.6.0] AndroidManifest.xml:25:13-37
193            android:theme="@android:style/Theme.Translucent.NoTitleBar" />
193-->[com.google.android.gms:play-services-base:17.6.0] AndroidManifest.xml:26:13-72
194
195        <receiver
195-->[com.google.android.gms:play-services-measurement:19.0.0] AndroidManifest.xml:29:9-33:20
196            android:name="com.google.android.gms.measurement.AppMeasurementReceiver"
196-->[com.google.android.gms:play-services-measurement:19.0.0] AndroidManifest.xml:30:13-85
197            android:enabled="true"
197-->[com.google.android.gms:play-services-measurement:19.0.0] AndroidManifest.xml:31:13-35
198            android:exported="false" >
198-->[com.google.android.gms:play-services-measurement:19.0.0] AndroidManifest.xml:32:13-37
199        </receiver>
200
201        <service
201-->[com.google.android.gms:play-services-measurement:19.0.0] AndroidManifest.xml:35:9-38:40
202            android:name="com.google.android.gms.measurement.AppMeasurementService"
202-->[com.google.android.gms:play-services-measurement:19.0.0] AndroidManifest.xml:36:13-84
203            android:enabled="true"
203-->[com.google.android.gms:play-services-measurement:19.0.0] AndroidManifest.xml:37:13-35
204            android:exported="false" />
204-->[com.google.android.gms:play-services-measurement:19.0.0] AndroidManifest.xml:38:13-37
205        <service
205-->[com.google.android.gms:play-services-measurement:19.0.0] AndroidManifest.xml:39:9-43:72
206            android:name="com.google.android.gms.measurement.AppMeasurementJobService"
206-->[com.google.android.gms:play-services-measurement:19.0.0] AndroidManifest.xml:40:13-87
207            android:enabled="true"
207-->[com.google.android.gms:play-services-measurement:19.0.0] AndroidManifest.xml:41:13-35
208            android:exported="false"
208-->[com.google.android.gms:play-services-measurement:19.0.0] AndroidManifest.xml:42:13-37
209            android:permission="android.permission.BIND_JOB_SERVICE" />
209-->[com.google.android.gms:play-services-measurement:19.0.0] AndroidManifest.xml:43:13-69
210
211        <meta-data
211-->[com.google.android.gms:play-services-basement:17.6.0] AndroidManifest.xml:23:9-25:69
212            android:name="com.google.android.gms.version"
212-->[com.google.android.gms:play-services-basement:17.6.0] AndroidManifest.xml:24:13-58
213            android:value="@integer/google_play_services_version" />
213-->[com.google.android.gms:play-services-basement:17.6.0] AndroidManifest.xml:25:13-66
214    </application>
215
216</manifest>